<?xml version="1.0" encoding="UTF-8"?>
<testsuite xmlns:xsi="http://www.w3.org/2001/XMLSchema-instance" xsi:noNamespaceSchemaLocation="https://maven.apache.org/surefire/maven-surefire-plugin/xsd/surefire-test-report.xsd" name="TestSuite" time="0.78" tests="60" errors="0" skipped="55" failures="5">
  <properties>
[...]
</properties>
  <testcase name="intializeWebdriver" classname="com.selenium.tests.CartTest" time="0.609">
    <failure message="Cannot find firefox binary in PATH. Make sure firefox is installed. OS appears to be: WIN10&#10;Build info: version: &apos;3.141.59&apos;, revision: &apos;e82be7d358&apos;, time: &apos;2018-11-14T08:17:03&apos;&#10;System info: host: &apos;SIDDHANTPANDA&apos;, ip: &apos;192.168.0.103&apos;, os.name: &apos;Windows 10&apos;, os.arch: &apos;amd64&apos;, os.version: &apos;10.0&apos;, java.version: &apos;1.8.0_221&apos;&#10;Driver info: driver.version: FirefoxDriver" type="org.openqa.selenium.WebDriverException">org.openqa.selenium.WebDriverException: 
Cannot find firefox binary in PATH. Make sure firefox is installed. OS appears to be: WIN10
Build info: version: '3.141.59', revision: 'e82be7d358', time: '2018-11-14T08:17:03'
System info: host: 'SIDDHANTPANDA', ip: '192.168.0.103', os.name: 'Windows 10', os.arch: 'amd64', os.version: '10.0', java.version: '1.8.0_221'
Driver info: driver.version: FirefoxDriver
</failure>
  </testcase>
  <testcase name="intializeWebdriver" classname="com.selenium.tests.CartTest" time="0">
    <skipped/>
  </testcase>
  <testcase name="openBrowser" classname="com.selenium.tests.CartTest" time="0">
    <skipped/>
  </testcase>
  <testcase name="openBrowser" classname="com.selenium.tests.CartTest" time="0">
    <skipped/>
  </testcase>
  <testcase name="invalidCartTest" classname="com.selenium.tests.CartTest" time="0">
    <skipped message="Cannot find firefox binary in PATH. Make sure firefox is installed. OS appears to be: WIN10&#10;Build info: version: &apos;3.141.59&apos;, revision: &apos;e82be7d358&apos;, time: &apos;2018-11-14T08:17:03&apos;&#10;System info: host: &apos;SIDDHANTPANDA&apos;, ip: &apos;192.168.0.103&apos;, os.name: &apos;Windows 10&apos;, os.arch: &apos;amd64&apos;, os.version: &apos;10.0&apos;, java.version: &apos;1.8.0_221&apos;&#10;Driver info: driver.version: FirefoxDriver"/>
  </testcase>
  <testcase name="attachScreenShot" classname="com.selenium.tests.CartTest" time="0">
    <skipped/>
  </testcase>
  <testcase name="attachScreenShot" classname="com.selenium.tests.CartTest" time="0">
    <skipped/>
  </testcase>
  <testcase name="closeBrowser" classname="com.selenium.tests.CartTest" time="0">
    <skipped/>
  </testcase>
  <testcase name="closeBrowser" classname="com.selenium.tests.CartTest" time="0">
    <skipped/>
  </testcase>
  <testcase name="intializeWebdriver" classname="com.selenium.tests.ContactUsTest" time="0.614">
    <failure message="Cannot find firefox binary in PATH. Make sure firefox is installed. OS appears to be: WIN10&#10;Build info: version: &apos;3.141.59&apos;, revision: &apos;e82be7d358&apos;, time: &apos;2018-11-14T08:17:03&apos;&#10;System info: host: &apos;SIDDHANTPANDA&apos;, ip: &apos;192.168.0.103&apos;, os.name: &apos;Windows 10&apos;, os.arch: &apos;amd64&apos;, os.version: &apos;10.0&apos;, java.version: &apos;1.8.0_221&apos;&#10;Driver info: driver.version: FirefoxDriver" type="org.openqa.selenium.WebDriverException">org.openqa.selenium.WebDriverException: 
Cannot find firefox binary in PATH. Make sure firefox is installed. OS appears to be: WIN10
Build info: version: '3.141.59', revision: 'e82be7d358', time: '2018-11-14T08:17:03'
System info: host: 'SIDDHANTPANDA', ip: '192.168.0.103', os.name: 'Windows 10', os.arch: 'amd64', os.version: '10.0', java.version: '1.8.0_221'
Driver info: driver.version: FirefoxDriver
</failure>
  </testcase>
  <testcase name="intializeWebdriver" classname="com.selenium.tests.ContactUsTest" time="0">
    <skipped/>
  </testcase>
  <testcase name="openBrowser" classname="com.selenium.tests.ContactUsTest" time="0">
    <skipped/>
  </testcase>
  <testcase name="openBrowser" classname="com.selenium.tests.ContactUsTest" time="0">
    <skipped/>
  </testcase>
  <testcase name="validcontactus" classname="com.selenium.tests.ContactUsTest" time="0">
    <skipped message="Cannot find firefox binary in PATH. Make sure firefox is installed. OS appears to be: WIN10&#10;Build info: version: &apos;3.141.59&apos;, revision: &apos;e82be7d358&apos;, time: &apos;2018-11-14T08:17:03&apos;&#10;System info: host: &apos;SIDDHANTPANDA&apos;, ip: &apos;192.168.0.103&apos;, os.name: &apos;Windows 10&apos;, os.arch: &apos;amd64&apos;, os.version: &apos;10.0&apos;, java.version: &apos;1.8.0_221&apos;&#10;Driver info: driver.version: FirefoxDriver"/>
  </testcase>
  <testcase name="attachScreenShot" classname="com.selenium.tests.ContactUsTest" time="0">
    <skipped/>
  </testcase>
  <testcase name="attachScreenShot" classname="com.selenium.tests.ContactUsTest" time="0">
    <skipped/>
  </testcase>
  <testcase name="closeBrowser" classname="com.selenium.tests.ContactUsTest" time="0">
    <skipped/>
  </testcase>
  <testcase name="closeBrowser" classname="com.selenium.tests.ContactUsTest" time="0">
    <skipped/>
  </testcase>
  <testcase name="intializeWebdriver" classname="com.selenium.tests.LoginTest" time="0.619">
    <failure message="Cannot find firefox binary in PATH. Make sure firefox is installed. OS appears to be: WIN10&#10;Build info: version: &apos;3.141.59&apos;, revision: &apos;e82be7d358&apos;, time: &apos;2018-11-14T08:17:03&apos;&#10;System info: host: &apos;SIDDHANTPANDA&apos;, ip: &apos;192.168.0.103&apos;, os.name: &apos;Windows 10&apos;, os.arch: &apos;amd64&apos;, os.version: &apos;10.0&apos;, java.version: &apos;1.8.0_221&apos;&#10;Driver info: driver.version: FirefoxDriver" type="org.openqa.selenium.WebDriverException">org.openqa.selenium.WebDriverException: 
Cannot find firefox binary in PATH. Make sure firefox is installed. OS appears to be: WIN10
Build info: version: '3.141.59', revision: 'e82be7d358', time: '2018-11-14T08:17:03'
System info: host: 'SIDDHANTPANDA', ip: '192.168.0.103', os.name: 'Windows 10', os.arch: 'amd64', os.version: '10.0', java.version: '1.8.0_221'
Driver info: driver.version: FirefoxDriver
</failure>
  </testcase>
  <testcase name="intializeWebdriver" classname="com.selenium.tests.LoginTest" time="0">
    <skipped/>
  </testcase>
  <testcase name="intializeWebdriver" classname="com.selenium.tests.LoginTest" time="0">
    <skipped/>
  </testcase>
  <testcase name="openBrowser" classname="com.selenium.tests.LoginTest" time="0">
    <skipped/>
  </testcase>
  <testcase name="openBrowser" classname="com.selenium.tests.LoginTest" time="0">
    <skipped/>
  </testcase>
  <testcase name="openBrowser" classname="com.selenium.tests.LoginTest" time="0">
    <skipped/>
  </testcase>
  <testcase name="validLogin" classname="com.selenium.tests.LoginTest" time="0">
    <skipped message="Cannot find firefox binary in PATH. Make sure firefox is installed. OS appears to be: WIN10&#10;Build info: version: &apos;3.141.59&apos;, revision: &apos;e82be7d358&apos;, time: &apos;2018-11-14T08:17:03&apos;&#10;System info: host: &apos;SIDDHANTPANDA&apos;, ip: &apos;192.168.0.103&apos;, os.name: &apos;Windows 10&apos;, os.arch: &apos;amd64&apos;, os.version: &apos;10.0&apos;, java.version: &apos;1.8.0_221&apos;&#10;Driver info: driver.version: FirefoxDriver"/>
  </testcase>
  <testcase name="attachScreenShot" classname="com.selenium.tests.LoginTest" time="0">
    <skipped/>
  </testcase>
  <testcase name="attachScreenShot" classname="com.selenium.tests.LoginTest" time="0">
    <skipped/>
  </testcase>
  <testcase name="attachScreenShot" classname="com.selenium.tests.LoginTest" time="0">
    <skipped/>
  </testcase>
  <testcase name="closeBrowser" classname="com.selenium.tests.LoginTest" time="0">
    <skipped/>
  </testcase>
  <testcase name="closeBrowser" classname="com.selenium.tests.LoginTest" time="0">
    <skipped/>
  </testcase>
  <testcase name="closeBrowser" classname="com.selenium.tests.LoginTest" time="0">
    <skipped/>
  </testcase>
  <testcase name="intializeWebdriver" classname="com.selenium.tests.RegistrationTest" time="0.623">
    <failure message="Cannot find firefox binary in PATH. Make sure firefox is installed. OS appears to be: WIN10&#10;Build info: version: &apos;3.141.59&apos;, revision: &apos;e82be7d358&apos;, time: &apos;2018-11-14T08:17:03&apos;&#10;System info: host: &apos;SIDDHANTPANDA&apos;, ip: &apos;192.168.0.103&apos;, os.name: &apos;Windows 10&apos;, os.arch: &apos;amd64&apos;, os.version: &apos;10.0&apos;, java.version: &apos;1.8.0_221&apos;&#10;Driver info: driver.version: FirefoxDriver" type="org.openqa.selenium.WebDriverException">org.openqa.selenium.WebDriverException: 
Cannot find firefox binary in PATH. Make sure firefox is installed. OS appears to be: WIN10
Build info: version: '3.141.59', revision: 'e82be7d358', time: '2018-11-14T08:17:03'
System info: host: 'SIDDHANTPANDA', ip: '192.168.0.103', os.name: 'Windows 10', os.arch: 'amd64', os.version: '10.0', java.version: '1.8.0_221'
Driver info: driver.version: FirefoxDriver
</failure>
  </testcase>
  <testcase name="intializeWebdriver" classname="com.selenium.tests.RegistrationTest" time="0">
    <skipped/>
  </testcase>
  <testcase name="intializeWebdriver" classname="com.selenium.tests.RegistrationTest" time="0">
    <skipped/>
  </testcase>
  <testcase name="openBrowser" classname="com.selenium.tests.RegistrationTest" time="0">
    <skipped/>
  </testcase>
  <testcase name="openBrowser" classname="com.selenium.tests.RegistrationTest" time="0">
    <skipped/>
  </testcase>
  <testcase name="openBrowser" classname="com.selenium.tests.RegistrationTest" time="0">
    <skipped/>
  </testcase>
  <testcase name="UserRegistrationTest" classname="com.selenium.tests.RegistrationTest" time="0">
    <skipped message="Cannot find firefox binary in PATH. Make sure firefox is installed. OS appears to be: WIN10&#10;Build info: version: &apos;3.141.59&apos;, revision: &apos;e82be7d358&apos;, time: &apos;2018-11-14T08:17:03&apos;&#10;System info: host: &apos;SIDDHANTPANDA&apos;, ip: &apos;192.168.0.103&apos;, os.name: &apos;Windows 10&apos;, os.arch: &apos;amd64&apos;, os.version: &apos;10.0&apos;, java.version: &apos;1.8.0_221&apos;&#10;Driver info: driver.version: FirefoxDriver"/>
  </testcase>
  <testcase name="attachScreenShot" classname="com.selenium.tests.RegistrationTest" time="0">
    <skipped/>
  </testcase>
  <testcase name="attachScreenShot" classname="com.selenium.tests.RegistrationTest" time="0">
    <skipped/>
  </testcase>
  <testcase name="attachScreenShot" classname="com.selenium.tests.RegistrationTest" time="0">
    <skipped/>
  </testcase>
  <testcase name="closeBrowser" classname="com.selenium.tests.RegistrationTest" time="0">
    <skipped/>
  </testcase>
  <testcase name="closeBrowser" classname="com.selenium.tests.RegistrationTest" time="0">
    <skipped/>
  </testcase>
  <testcase name="closeBrowser" classname="com.selenium.tests.RegistrationTest" time="0">
    <skipped/>
  </testcase>
  <testcase name="intializeWebdriver" classname="com.selenium.tests.ProductValidationTest" time="0.627">
    <failure message="Cannot find firefox binary in PATH. Make sure firefox is installed. OS appears to be: WIN10&#10;Build info: version: &apos;3.141.59&apos;, revision: &apos;e82be7d358&apos;, time: &apos;2018-11-14T08:17:03&apos;&#10;System info: host: &apos;SIDDHANTPANDA&apos;, ip: &apos;192.168.0.103&apos;, os.name: &apos;Windows 10&apos;, os.arch: &apos;amd64&apos;, os.version: &apos;10.0&apos;, java.version: &apos;1.8.0_221&apos;&#10;Driver info: driver.version: FirefoxDriver" type="org.openqa.selenium.WebDriverException">org.openqa.selenium.WebDriverException: 
Cannot find firefox binary in PATH. Make sure firefox is installed. OS appears to be: WIN10
Build info: version: '3.141.59', revision: 'e82be7d358', time: '2018-11-14T08:17:03'
System info: host: 'SIDDHANTPANDA', ip: '192.168.0.103', os.name: 'Windows 10', os.arch: 'amd64', os.version: '10.0', java.version: '1.8.0_221'
Driver info: driver.version: FirefoxDriver
</failure>
  </testcase>
  <testcase name="intializeWebdriver" classname="com.selenium.tests.ProductValidationTest" time="0">
    <skipped/>
  </testcase>
  <testcase name="openBrowser" classname="com.selenium.tests.ProductValidationTest" time="0">
    <skipped/>
  </testcase>
  <testcase name="openBrowser" classname="com.selenium.tests.ProductValidationTest" time="0">
    <skipped/>
  </testcase>
  <testcase name="validproduct" classname="com.selenium.tests.ProductValidationTest" time="0">
    <skipped message="Cannot find firefox binary in PATH. Make sure firefox is installed. OS appears to be: WIN10&#10;Build info: version: &apos;3.141.59&apos;, revision: &apos;e82be7d358&apos;, time: &apos;2018-11-14T08:17:03&apos;&#10;System info: host: &apos;SIDDHANTPANDA&apos;, ip: &apos;192.168.0.103&apos;, os.name: &apos;Windows 10&apos;, os.arch: &apos;amd64&apos;, os.version: &apos;10.0&apos;, java.version: &apos;1.8.0_221&apos;&#10;Driver info: driver.version: FirefoxDriver"/>
  </testcase>
  <testcase name="attachScreenShot" classname="com.selenium.tests.ProductValidationTest" time="0">
    <skipped/>
  </testcase>
  <testcase name="attachScreenShot" classname="com.selenium.tests.ProductValidationTest" time="0">
    <skipped/>
  </testcase>
  <testcase name="closeBrowser" classname="com.selenium.tests.ProductValidationTest" time="0">
    <skipped/>
  </testcase>
  <testcase name="closeBrowser" classname="com.selenium.tests.ProductValidationTest" time="0">
    <skipped/>
  </testcase>
  <testcase name="validCarTest" classname="com.selenium.tests.CartTest" time="0">
    <skipped message="Cannot find firefox binary in PATH. Make sure firefox is installed. OS appears to be: WIN10&#10;Build info: version: &apos;3.141.59&apos;, revision: &apos;e82be7d358&apos;, time: &apos;2018-11-14T08:17:03&apos;&#10;System info: host: &apos;SIDDHANTPANDA&apos;, ip: &apos;192.168.0.103&apos;, os.name: &apos;Windows 10&apos;, os.arch: &apos;amd64&apos;, os.version: &apos;10.0&apos;, java.version: &apos;1.8.0_221&apos;&#10;Driver info: driver.version: FirefoxDriver"/>
  </testcase>
  <testcase name="Invalidcontactus" classname="com.selenium.tests.ContactUsTest" time="0">
    <skipped message="Cannot find firefox binary in PATH. Make sure firefox is installed. OS appears to be: WIN10&#10;Build info: version: &apos;3.141.59&apos;, revision: &apos;e82be7d358&apos;, time: &apos;2018-11-14T08:17:03&apos;&#10;System info: host: &apos;SIDDHANTPANDA&apos;, ip: &apos;192.168.0.103&apos;, os.name: &apos;Windows 10&apos;, os.arch: &apos;amd64&apos;, os.version: &apos;10.0&apos;, java.version: &apos;1.8.0_221&apos;&#10;Driver info: driver.version: FirefoxDriver"/>
  </testcase>
  <testcase name="invalidLogin_2" classname="com.selenium.tests.LoginTest" time="0">
    <skipped message="Cannot find firefox binary in PATH. Make sure firefox is installed. OS appears to be: WIN10&#10;Build info: version: &apos;3.141.59&apos;, revision: &apos;e82be7d358&apos;, time: &apos;2018-11-14T08:17:03&apos;&#10;System info: host: &apos;SIDDHANTPANDA&apos;, ip: &apos;192.168.0.103&apos;, os.name: &apos;Windows 10&apos;, os.arch: &apos;amd64&apos;, os.version: &apos;10.0&apos;, java.version: &apos;1.8.0_221&apos;&#10;Driver info: driver.version: FirefoxDriver"/>
  </testcase>
  <testcase name="InvalidRegistration" classname="com.selenium.tests.RegistrationTest" time="0">
    <skipped message="Cannot find firefox binary in PATH. Make sure firefox is installed. OS appears to be: WIN10&#10;Build info: version: &apos;3.141.59&apos;, revision: &apos;e82be7d358&apos;, time: &apos;2018-11-14T08:17:03&apos;&#10;System info: host: &apos;SIDDHANTPANDA&apos;, ip: &apos;192.168.0.103&apos;, os.name: &apos;Windows 10&apos;, os.arch: &apos;amd64&apos;, os.version: &apos;10.0&apos;, java.version: &apos;1.8.0_221&apos;&#10;Driver info: driver.version: FirefoxDriver"/>
  </testcase>
  <testcase name="invalidproduct" classname="com.selenium.tests.ProductValidationTest" time="0">
    <skipped message="Cannot find firefox binary in PATH. Make sure firefox is installed. OS appears to be: WIN10&#10;Build info: version: &apos;3.141.59&apos;, revision: &apos;e82be7d358&apos;, time: &apos;2018-11-14T08:17:03&apos;&#10;System info: host: &apos;SIDDHANTPANDA&apos;, ip: &apos;192.168.0.103&apos;, os.name: &apos;Windows 10&apos;, os.arch: &apos;amd64&apos;, os.version: &apos;10.0&apos;, java.version: &apos;1.8.0_221&apos;&#10;Driver info: driver.version: FirefoxDriver"/>
  </testcase>
  <testcase name="invalidLogin" classname="com.selenium.tests.LoginTest" time="0">
    <skipped message="Cannot find firefox binary in PATH. Make sure firefox is installed. OS appears to be: WIN10&#10;Build info: version: &apos;3.141.59&apos;, revision: &apos;e82be7d358&apos;, time: &apos;2018-11-14T08:17:03&apos;&#10;System info: host: &apos;SIDDHANTPANDA&apos;, ip: &apos;192.168.0.103&apos;, os.name: &apos;Windows 10&apos;, os.arch: &apos;amd64&apos;, os.version: &apos;10.0&apos;, java.version: &apos;1.8.0_221&apos;&#10;Driver info: driver.version: FirefoxDriver"/>
  </testcase>
  <testcase name="InvalidRegistration_2" classname="com.selenium.tests.RegistrationTest" time="0">
    <skipped message="Cannot find firefox binary in PATH. Make sure firefox is installed. OS appears to be: WIN10&#10;Build info: version: &apos;3.141.59&apos;, revision: &apos;e82be7d358&apos;, time: &apos;2018-11-14T08:17:03&apos;&#10;System info: host: &apos;SIDDHANTPANDA&apos;, ip: &apos;192.168.0.103&apos;, os.name: &apos;Windows 10&apos;, os.arch: &apos;amd64&apos;, os.version: &apos;10.0&apos;, java.version: &apos;1.8.0_221&apos;&#10;Driver info: driver.version: FirefoxDriver"/>
  </testcase>
</testsuite>